ERROR: Unknown shell type '(load)'
[2024-02-28 15:32:32] INFO: Starting Flye 2.8.1-b1676
[2024-02-28 15:32:32] INFO: >>>STAGE: configure
[2024-02-28 15:32:32] INFO: Configuring run
[2024-02-28 15:32:33] INFO: Total read length: 41240959
[2024-02-28 15:32:33] INFO: Reads N50/N90: 5207 / 1236
[2024-02-28 15:32:33] INFO: Minimum overlap set to 1000
[2024-02-28 15:32:33] INFO: >>>STAGE: assembly
[2024-02-28 15:32:33] INFO: Assembling disjointigs
[2024-02-28 15:32:33] INFO: Reading sequences
[2024-02-28 15:32:35] INFO: Counting k-mers:
0% 10% 20% 30% 40% 50% 60% 70% 80% 90% 100% 
[2024-02-28 15:33:30] INFO: Filling index table (1/2)
0% 10% 20% 30% 40% 50% 60% 70% 80% 90% 100% 
[2024-02-28 15:33:33] INFO: Filling index table (2/2)
0% 10% 20% 30% 40% 50% 60% 70% 80% 90% 100% 
[2024-02-28 15:33:40] INFO: Extending reads
[2024-02-28 15:33:48] INFO: Overlap-based coverage: 1
[2024-02-28 15:33:48] INFO: Median overlap divergence: 0.175841
0% 10% 20% 30% 40% 60% 80% 90% 100% 
[2024-02-28 15:34:07] INFO: Assembled 23 disjointigs
[2024-02-28 15:34:07] INFO: Generating sequence
0% 10% 20% 30% 40% 50% 60% 70% 80% 90% 100% 
[2024-02-28 15:34:07] INFO: >>>STAGE: consensus
[2024-02-28 15:34:07] INFO: Running Minimap2
[2024-02-28 15:34:21] INFO: Computing consensus
[2024-02-28 15:34:25] INFO: Alignment error rate: 0.233160
[2024-02-28 15:34:25] INFO: >>>STAGE: repeat
[2024-02-28 15:34:25] INFO: Building and resolving repeat graph
[2024-02-28 15:34:25] INFO: Parsing disjointigs
[2024-02-28 15:34:25] INFO: Building repeat graph
0% 10% 20% 30% 40% 50% 60% 70% 80% 90% 100% 
[2024-02-28 15:34:46] INFO: Median overlap divergence: 0.16995
[2024-02-28 15:34:46] INFO: Parsing reads
[2024-02-28 15:34:46] INFO: Aligning reads to the graph
0% 10% 20% 30% 40% 50% 60% 70% 80% 90% 100% 
[2024-02-28 15:34:51] INFO: Aligned read sequence: 6472891 / 41223959 (0.157018)
[2024-02-28 15:34:51] INFO: Median overlap divergence: 0.124798
[2024-02-28 15:34:51] INFO: Mean edge coverage: 21
[2024-02-28 15:34:51] INFO: Simplifying the graph
[2024-02-28 15:34:51] INFO: >>>STAGE: contigger
[2024-02-28 15:34:51] INFO: Generating contigs
[2024-02-28 15:34:51] INFO: Reading sequences
[2024-02-28 15:34:52] INFO: Generated 59 contigs
[2024-02-28 15:34:52] INFO: Added 1 scaffold connections
[2024-02-28 15:34:52] INFO: >>>STAGE: polishing
[2024-02-28 15:34:52] INFO: Polishing genome (1/1)
[2024-02-28 15:34:52] INFO: Running minimap2
[2024-02-28 15:35:02] INFO: Separating alignment into bubbles
[2024-02-28 15:35:05] INFO: Alignment error rate: 0.185403
[2024-02-28 15:35:05] INFO: Correcting bubbles
0% 10% 20% 30% 40% 50% 60% 70% 80% 90% 100% 
[2024-02-28 15:35:48] INFO: >>>STAGE: finalize
[2024-02-28 15:35:49] INFO: Assembly statistics:

	Total length:	358782
	Fragments:	48
	Fragments N50:	14169
	Largest frg:	80862
	Scaffolds:	1
	Mean coverage:	18

[2024-02-28 15:35:49] INFO: Final assembly: /home/people/kpurves/scratch/training/data/Assembly/flye/SRR19500735/assembly.fasta
Traceback (most recent call last):
  File "/home/people/kpurves/tools/viralFlye/viralFlye.py", line 24, in <module>
    from viralflye.main import main
  File "/home/people/kpurves/tools/viralFlye/viralflye/main.py", line 12, in <module>
    from viralflye.extract_small_comps_gfa import  extract_paths_in_components
  File "/home/people/kpurves/tools/viralFlye/viralflye/extract_small_comps_gfa.py", line 6, in <module>
    from Bio.Seq import Seq
ModuleNotFoundError: No module named 'Bio'
ERROR: Unknown shell type '(unload)'
